<?xml version="1.0" encoding="UTF-8"?>
<!-- Generated by org.testng.reporters.JUnitReportReporter -->
<testsuite hostname="LAPTOP-RC594NRM" failures="0" tests="1" name="shoppingWebsite.AppTest" time="0.008" errors="0" timestamp="2022-05-23T10:18:37 IST" skipped="0">
  <testcase classname="shoppingWebsite.AppTest" name="shouldAnswerWithTrue" time="0.008"/>
  <system-out/>
</testsuite> <!-- shoppingWebsite.AppTest -->
