<?xml version="1.0" encoding="UTF-8"?>
<!-- Generated by org.testng.reporters.JUnitReportReporter -->
<testsuite hostname="LAPTOP-RC594NRM" failures="0" tests="1" name="shoppingWebsite.validateTitle" time="3.038" errors="0" timestamp="2022-05-23T12:01:44 IST" skipped="0">
  <testcase classname="shoppingWebsite.validateTitle" name="basePageNavigation" time="3.038"/>
  <system-out/>
</testsuite> <!-- shoppingWebsite.validateTitle -->
